Arguments: 
  C:\Program Files\nodejs\node.exe C:\Users\luciano.lima\AppData\Roaming\npm\node_modules\yarn\bin\yarn.js add @angular/compiler @angular/compiler @angular/core @angular/forms @angular/http @angular/platform-browser @angular/platform-browser-dynamic @angular/router core-js rxjs zone.js

PATH: 
  C:\ProgramData\Oracle\Java\javapath;C:\Program Files (x86)\Intel\iCLS Client\;C:\Program Files\Intel\iCLS Client\;C:\WINDOWS\system32;C:\WINDOWS;C:\WINDOWS\System32\Wbem;C:\WINDOWS\System32\WindowsPowerShell\v1.0\;C:\Program Files (x86)\Intel\Intel(R) Management Engine Components\DAL;C:\Program Files\Intel\Intel(R) Management Engine Components\DAL;C:\Program Files (x86)\Intel\Intel(R) Management Engine Components\IPT;C:\Program Files\Intel\Intel(R) Management Engine Components\IPT;C:\Program Files\Microsoft SQL Server\130\Tools\Binn\;C:\Program Files\Git\cmd;C:\Program Files\Microsoft SQL Server\Client SDK\ODBC\110\Tools\Binn\;C:\Program Files (x86)\Microsoft SQL Server\120\Tools\Binn\ManagementStudio\;C:\Program Files (x86)\Microsoft SQL Server\120\Tools\Binn\;C:\Program Files\Microsoft SQL Server\120\Tools\Binn\;C:\Program Files (x86)\Microsoft SQL Server\120\DTS\Binn\;C:\Program Files\Microsoft SQL Server\120\DTS\Binn\;C:\Program Files (x86)\MySQL\MySQL Fabric 1.5 & MySQL Utilities 1.5\;C:\Program Files (x86)\MySQL\MySQL Fabric 1.5 & MySQL Utilities 1.5\Doctrine extensions for PHP\;C:\Program Files (x86)\Windows Kits\8.1\Windows Performance Toolkit\;C:\Program Files (x86)\Skype\Phone\;C:\Program Files\Microsoft DNX\Dnvm\;C:\Program Files\dotnet\;C:\Program Files (x86)\Microsoft SQL Server\110\DTS\Binn\;C:\Program Files (x86)\Microsoft SQL Server\130\DTS\Binn\;C:\Program Files (x86)\GitExtensions\;C:\Program Files\nodejs\;C:\Program Files (x86)\Microsoft VS Code\bin;C:\Users\luciano.lima\AppData\Local\Microsoft\WindowsApps;C:\Users\luciano.lima\AppData\Local\atom\bin;C:\Users\luciano.lima\AppData\Roaming\npm

Yarn version: 
  0.23.4

Node version: 
  6.10.3

Platform: 
  win32 x64

npm manifest: 
  {
    "name": "ng-todo",
    "version": "1.0.0",
    "description": "Small angular project to make a todo list.",
    "main": "index.js",
    "author": "Luciano Lima (luscious.ds@gmail.com)",
    "license": "MIT",
    "dependencies": {
      "@angular/common": "^4.1.2"
    }
  }

yarn manifest: 
  No manifest

Lockfile: 
  # THIS IS AN AUTOGENERATED FILE. DO NOT EDIT THIS FILE DIRECTLY.
  # yarn lockfile v1
  
  
  "@angular/common@^4.1.2":
    version "4.1.2"
    resolved "https://registry.yarnpkg.com/@angular/common/-/common-4.1.2.tgz#8f6d0496c204210bfe255feb437a72253f06984d"

Trace: 
  Error: https://registry.yarnpkg.com/@angular/platform-browser-dynamic/-/platform-browser-dynamic-4.1.2.tgz: Request failed "503 Service Unavailable"
      at Request.handleRequestError (C:\Users\luciano.lima\AppData\Roaming\npm\node_modules\yarn\lib\fetchers\tarball-fetcher.js:205:20)
      at emitOne (events.js:96:13)
      at Request.emit (events.js:188:7)
      at Request.onRequestResponse (C:\Users\luciano.lima\AppData\Roaming\npm\node_modules\yarn\node_modules\request\request.js:1074:10)
      at emitOne (events.js:96:13)
      at ClientRequest.emit (events.js:188:7)
      at HTTPParser.parserOnIncomingClient (_http_client.js:473:21)
      at HTTPParser.parserOnHeadersComplete (_http_common.js:99:23)
      at TLSSocket.socketOnData (_http_client.js:362:20)
      at emitOne (events.js:96:13)
